Build started 4/30/2018 11:36:14 PM.
     1>Project "C:\Users\Andreas Pc\Documents\Visual Studio 2010\Projects\Rekursi Strukturdata\Rekursi Strukturdata\Rekursi Strukturdata.vcxproj" on node 2 (build target(s)).
     1>InitializeBuildStatus:
         Creating "Debug\Rekursi Strukturdata.unsuccessfulbuild" because "AlwaysCreate" was specified.
       ClCompile:
         C:\Program Files (x86)\Microsoft Visual Studio 10.0\VC\bin\CL.exe /c /ZI /nologo /W3 /WX- /Od /Oy- /D WIN32 /D _DEBUG /D _CONSOLE /D _UNICODE /D UNICODE /Gm /EHsc /RTC1 /MDd /GS /fp:precise /Zc:wchar_t /Zc:forScope /Fo"Debug\\" /Fd"Debug\vc100.pdb" /Gd /TP /analyze- /errorReport:prompt "pr rekursi.cpp"
         pr rekursi.cpp
     1>c:\users\andreas pc\documents\visual studio 2010\projects\rekursi strukturdata\rekursi strukturdata\pr rekursi.cpp(13): warning C4996: 'strcpy': This function or variable may be unsafe. Consider using strcpy_s instead. To disable deprecation, use _CRT_SECURE_NO_WARNINGS. See online help for details.
                 c:\program files (x86)\microsoft visual studio 10.0\vc\include\string.h(105) : see declaration of 'strcpy'
       ManifestResourceCompile:
         All outputs are up-to-date.
       Link:
         C:\Program Files (x86)\Microsoft Visual Studio 10.0\VC\bin\link.exe /ERRORREPORT:PROMPT /OUT:"C:\Users\Andreas Pc\Documents\Visual Studio 2010\Projects\Rekursi Strukturdata\Debug\Rekursi Strukturdata.exe" /INCREMENTAL /NOLOGO kernel32.lib user32.lib gdi32.lib winspool.lib comdlg32.lib advapi32.lib shell32.lib ole32.lib oleaut32.lib uuid.lib odbc32.lib odbccp32.lib /MANIFEST /ManifestFile:"Debug\Rekursi Strukturdata.exe.intermediate.manifest" /MANIFESTUAC:"level='asInvoker' uiAccess='false'" /DEBUG /PDB:"C:\Users\Andreas Pc\Documents\Visual Studio 2010\Projects\Rekursi Strukturdata\Debug\Rekursi Strukturdata.pdb" /SUBSYSTEM:CONSOLE /TLBID:1 /DYNAMICBASE /NXCOMPAT /IMPLIB:"C:\Users\Andreas Pc\Documents\Visual Studio 2010\Projects\Rekursi Strukturdata\Debug\Rekursi Strukturdata.lib" /MACHINE:X86 "Debug\Rekursi Strukturdata.exe.embed.manifest.res"
         "Debug\pr rekursi.obj"
       Manifest:
         c:\Program Files (x86)\Microsoft SDKs\Windows\v7.0A\bin\mt.exe /nologo /verbose /out:"Debug\Rekursi Strukturdata.exe.embed.manifest" /manifest "Debug\Rekursi Strukturdata.exe.intermediate.manifest"
         All outputs are up-to-date.
       LinkEmbedManifest:
         All outputs are up-to-date.
         Rekursi Strukturdata.vcxproj -> C:\Users\Andreas Pc\Documents\Visual Studio 2010\Projects\Rekursi Strukturdata\Debug\Rekursi Strukturdata.exe
       FinalizeBuildStatus:
         Deleting file "Debug\Rekursi Strukturdata.unsuccessfulbuild".
         Touching "Debug\Rekursi Strukturdata.lastbuildstate".
     1>Done Building Project "C:\Users\Andreas Pc\Documents\Visual Studio 2010\Projects\Rekursi Strukturdata\Rekursi Strukturdata\Rekursi Strukturdata.vcxproj" (build target(s)).

Build succeeded.

Time Elapsed 00:00:06.31
